17:08:02 15:38:53  INFO : ※程序启动中-----启动日期:※2017-08-02 15:38:936※
17:08:02 15:38:53  INFO : xml获取得到的参数:
dybdcyjk
dybdcyjk
jdbc:oracle:thin:@localhost:1521:orcl
东营市国土资源局
ceshi0
ceshi0
uJHXjyjdt
http://112.35.1.155:1992/sms/norsubmit?
weihao@ztgeo.com.cn
系统管理员
被通知人
东营短息通知程序反馈邮件
0 */1 * * * ?
17:08:02 15:38:53  INFO : Using default implementation for ThreadExecutor
17:08:02 15:38:53  INFO : Job execution threads will use class loader of thread: Thread-0
17:08:02 15:38:53  INFO : Initialized Scheduler Signaller of type: class org.quartz.core.SchedulerSignalerImpl
17:08:02 15:38:53  INFO : Quartz Scheduler v.2.3.0 created.
17:08:02 15:38:53  INFO : RAMJobStore initialized.
17:08:02 15:38:53  INFO : Scheduler meta-data: Quartz Scheduler (v2.3.0) 'DefaultQuartzScheduler' with instanceId 'NON_CLUSTERED'
  Scheduler class: 'org.quartz.core.QuartzScheduler' - running locally.
  NOT STARTED.
  Currently in standby mode.
  Number of jobs executed: 0
  Using thread pool 'org.quartz.simpl.SimpleThreadPool' - with 10 threads.
  Using job-store 'org.quartz.simpl.RAMJobStore' - which does not support persistence. and is not clustered.

17:08:02 15:38:53  INFO : Quartz scheduler 'DefaultQuartzScheduler' initialized from default resource file in Quartz package: 'quartz.properties'
17:08:02 15:38:53  INFO : Quartz scheduler version: 2.3.0
17:08:02 15:38:53  INFO : Scheduler DefaultQuartzScheduler_$_NON_CLUSTERED started.
17:08:02 15:38:53 DEBUG : batch acquisition of 1 triggers
17:08:02 15:39:00 DEBUG : Producing instance of Job 'group1.job1', class=com.ztgeo.utils.Quartz
17:08:02 15:39:00 DEBUG : batch acquisition of 0 triggers
17:08:02 15:39:00 DEBUG : Calling execute on job group1.job1
17:08:02 15:39:00  INFO : 数据库:oracle.jdbc.driver.T4CConnection@736f31a5
17:08:02 15:39:01  INFO : 状态值:true返回状态:success
17:08:02 15:39:01  INFO : 数据库:oracle.jdbc.driver.T4CConnection@758c53fe
17:08:02 15:39:01  INFO : ID为:DX-170726102513-XG893QX2QJ的短信信息请求状态已更新
17:08:02 15:39:24 DEBUG : batch acquisition of 0 triggers
17:08:02 15:39:49 DEBUG : batch acquisition of 1 triggers
17:08:02 15:40:00 DEBUG : Producing instance of Job 'group1.job1', class=com.ztgeo.utils.Quartz
17:08:02 15:40:00 DEBUG : batch acquisition of 0 triggers
17:08:02 15:40:00 DEBUG : Calling execute on job group1.job1
17:08:02 15:40:00  INFO : 数据库:oracle.jdbc.driver.T4CConnection@4a4deb66
17:08:02 15:40:29 DEBUG : batch acquisition of 0 triggers
17:08:02 15:40:56 DEBUG : batch acquisition of 1 triggers
17:08:02 15:41:00 DEBUG : Producing instance of Job 'group1.job1', class=com.ztgeo.utils.Quartz
17:08:02 15:41:00 DEBUG : batch acquisition of 0 triggers
17:08:02 15:41:00 DEBUG : Calling execute on job group1.job1
17:08:02 15:41:00  INFO : 数据库:oracle.jdbc.driver.T4CConnection@11a5a0af
17:08:02 15:41:25 DEBUG : batch acquisition of 0 triggers
17:08:02 15:41:53 DEBUG : batch acquisition of 1 triggers
17:08:02 15:42:00 DEBUG : Producing instance of Job 'group1.job1', class=com.ztgeo.utils.Quartz
17:08:02 15:42:00 DEBUG : batch acquisition of 0 triggers
17:08:02 15:42:00 DEBUG : Calling execute on job group1.job1
17:08:02 15:42:00  INFO : 数据库:oracle.jdbc.driver.T4CConnection@2a8a97d6
17:08:02 15:42:26 DEBUG : batch acquisition of 0 triggers
17:08:02 15:42:50 DEBUG : batch acquisition of 1 triggers
17:08:02 15:43:00 DEBUG : Producing instance of Job 'group1.job1', class=com.ztgeo.utils.Quartz
17:08:02 15:43:00 DEBUG : batch acquisition of 0 triggers
17:08:02 15:43:00 DEBUG : Calling execute on job group1.job1
17:08:02 15:43:00  INFO : 数据库:oracle.jdbc.driver.T4CConnection@579237e5
17:08:02 15:43:00  INFO : 状态值:true返回状态:success
17:08:02 15:43:00  INFO : 数据库:oracle.jdbc.driver.T4CConnection@5d6a5c95
17:08:02 15:43:00  INFO : ID为:DX-170726102513-XG893QX2QJ的短信信息请求状态已更新
17:08:02 15:43:25 DEBUG : batch acquisition of 0 triggers
17:08:02 15:43:52 DEBUG : batch acquisition of 1 triggers
17:08:02 15:44:00 DEBUG : Producing instance of Job 'group1.job1', class=com.ztgeo.utils.Quartz
17:08:02 15:44:00 DEBUG : batch acquisition of 0 triggers
17:08:02 15:44:00 DEBUG : Calling execute on job group1.job1
17:08:02 15:44:00  INFO : 数据库:oracle.jdbc.driver.T4CConnection@2a98b696
17:08:02 15:44:27 DEBUG : batch acquisition of 0 triggers
17:08:02 15:44:51 DEBUG : batch acquisition of 1 triggers
17:08:02 15:45:00 DEBUG : Producing instance of Job 'group1.job1', class=com.ztgeo.utils.Quartz
17:08:02 15:45:00 DEBUG : batch acquisition of 0 triggers
17:08:02 15:45:00 DEBUG : Calling execute on job group1.job1
17:08:02 15:45:00  INFO : 数据库:oracle.jdbc.driver.T4CConnection@29d40e77
17:08:02 15:45:28 DEBUG : batch acquisition of 0 triggers
17:08:02 15:45:58 DEBUG : batch acquisition of 1 triggers
17:08:02 15:46:00 DEBUG : Producing instance of Job 'group1.job1', class=com.ztgeo.utils.Quartz
17:08:02 15:46:00 DEBUG : batch acquisition of 0 triggers
17:08:02 15:46:00 DEBUG : Calling execute on job group1.job1
17:08:02 15:46:00  INFO : 数据库:oracle.jdbc.driver.T4CConnection@2a31c0ef
17:08:02 15:46:26 DEBUG : batch acquisition of 0 triggers
17:08:02 15:46:51 DEBUG : batch acquisition of 1 triggers
17:08:02 15:47:00 DEBUG : Producing instance of Job 'group1.job1', class=com.ztgeo.utils.Quartz
17:08:02 15:47:00 DEBUG : batch acquisition of 0 triggers
17:08:02 15:47:00 DEBUG : Calling execute on job group1.job1
17:08:02 15:47:00  INFO : 数据库:oracle.jdbc.driver.T4CConnection@7cd10186
17:08:02 15:47:25 DEBUG : batch acquisition of 0 triggers
17:08:02 15:47:52 DEBUG : batch acquisition of 1 triggers
17:08:02 15:48:00 DEBUG : Producing instance of Job 'group1.job1', class=com.ztgeo.utils.Quartz
17:08:02 15:48:00 DEBUG : batch acquisition of 0 triggers
17:08:02 15:48:00 DEBUG : Calling execute on job group1.job1
17:08:02 15:48:00  INFO : 数据库:oracle.jdbc.driver.T4CConnection@207be927
17:08:02 15:48:23 DEBUG : batch acquisition of 0 triggers
17:08:02 15:48:47 DEBUG : batch acquisition of 1 triggers
17:08:02 15:49:00 DEBUG : Producing instance of Job 'group1.job1', class=com.ztgeo.utils.Quartz
17:08:02 15:49:00 DEBUG : batch acquisition of 0 triggers
17:08:02 15:49:00 DEBUG : Calling execute on job group1.job1
17:08:02 15:49:00  INFO : 数据库:oracle.jdbc.driver.T4CConnection@9bf48ee
17:08:02 15:49:24 DEBUG : batch acquisition of 0 triggers
17:08:02 15:49:52 DEBUG : batch acquisition of 1 triggers
17:08:02 15:50:00 DEBUG : Producing instance of Job 'group1.job1', class=com.ztgeo.utils.Quartz
17:08:02 15:50:00 DEBUG : batch acquisition of 0 triggers
17:08:02 15:50:00 DEBUG : Calling execute on job group1.job1
17:08:02 15:50:00  INFO : 数据库:oracle.jdbc.driver.T4CConnection@448a0c5f
17:08:02 15:50:00  INFO : 状态值:true返回状态:success
17:08:02 15:50:00  INFO : 数据库:oracle.jdbc.driver.T4CConnection@5b70664
17:08:02 15:50:00  INFO : ID为:DX-170726102513-XG893QX2QJ的短信信息请求状态已更新
17:08:02 15:50:27 DEBUG : batch acquisition of 0 triggers
17:08:02 15:50:54 DEBUG : batch acquisition of 1 triggers
17:08:02 15:51:00 DEBUG : Producing instance of Job 'group1.job1', class=com.ztgeo.utils.Quartz
17:08:02 15:51:00 DEBUG : batch acquisition of 0 triggers
17:08:02 15:51:00 DEBUG : Calling execute on job group1.job1
17:08:02 15:51:00  INFO : 数据库:oracle.jdbc.driver.T4CConnection@5e5f56d0
17:08:02 15:51:23 DEBUG : batch acquisition of 0 triggers
17:08:02 15:51:51 DEBUG : batch acquisition of 1 triggers
17:08:02 15:52:00 DEBUG : Producing instance of Job 'group1.job1', class=com.ztgeo.utils.Quartz
17:08:02 15:52:00 DEBUG : batch acquisition of 0 triggers
17:08:02 15:52:00 DEBUG : Calling execute on job group1.job1
17:08:02 15:52:00  INFO : 数据库:oracle.jdbc.driver.T4CConnection@244d6cf7
17:08:02 15:52:29 DEBUG : batch acquisition of 0 triggers
17:08:02 15:52:57 DEBUG : batch acquisition of 1 triggers
17:08:02 15:53:00 DEBUG : Producing instance of Job 'group1.job1', class=com.ztgeo.utils.Quartz
17:08:02 15:53:00 DEBUG : batch acquisition of 0 triggers
17:08:02 15:53:00 DEBUG : Calling execute on job group1.job1
17:08:02 15:53:00  INFO : 数据库:oracle.jdbc.driver.T4CConnection@1868c95c
17:08:02 15:53:24 DEBUG : batch acquisition of 0 triggers
17:08:02 15:53:52 DEBUG : batch acquisition of 1 triggers
17:08:02 15:54:00 DEBUG : Producing instance of Job 'group1.job1', class=com.ztgeo.utils.Quartz
17:08:02 15:54:00 DEBUG : batch acquisition of 0 triggers
17:08:02 15:54:00 DEBUG : Calling execute on job group1.job1
17:08:02 15:54:00  INFO : 数据库:oracle.jdbc.driver.T4CConnection@6e335a4a
17:08:02 15:54:25 DEBUG : batch acquisition of 0 triggers
17:08:02 15:54:54 DEBUG : batch acquisition of 1 triggers
17:08:02 15:55:00 DEBUG : Producing instance of Job 'group1.job1', class=com.ztgeo.utils.Quartz
17:08:02 15:55:00 DEBUG : batch acquisition of 0 triggers
17:08:02 15:55:00 DEBUG : Calling execute on job group1.job1
17:08:02 15:55:00  INFO : 数据库:oracle.jdbc.driver.T4CConnection@2713e53d
17:08:02 15:55:27 DEBUG : batch acquisition of 0 triggers
17:08:02 15:55:51 DEBUG : batch acquisition of 1 triggers
17:08:02 15:56:00 DEBUG : Producing instance of Job 'group1.job1', class=com.ztgeo.utils.Quartz
17:08:02 15:56:00 DEBUG : batch acquisition of 0 triggers
17:08:02 15:56:00 DEBUG : Calling execute on job group1.job1
17:08:02 15:56:00  INFO : 数据库:oracle.jdbc.driver.T4CConnection@24f62bd9
17:08:02 15:56:23 DEBUG : batch acquisition of 0 triggers
17:08:02 15:56:49 DEBUG : batch acquisition of 1 triggers
17:08:02 15:57:00 DEBUG : Producing instance of Job 'group1.job1', class=com.ztgeo.utils.Quartz
17:08:02 15:57:00 DEBUG : batch acquisition of 0 triggers
17:08:02 15:57:00 DEBUG : Calling execute on job group1.job1
17:08:02 15:57:00  INFO : 数据库:oracle.jdbc.driver.T4CConnection@7216e06c
17:08:02 15:57:29 DEBUG : batch acquisition of 0 triggers
17:08:02 15:57:55 DEBUG : batch acquisition of 1 triggers
17:08:02 15:58:00 DEBUG : Producing instance of Job 'group1.job1', class=com.ztgeo.utils.Quartz
17:08:02 15:58:00 DEBUG : batch acquisition of 0 triggers
17:08:02 15:58:00 DEBUG : Calling execute on job group1.job1
17:08:02 15:58:00  INFO : 数据库:oracle.jdbc.driver.T4CConnection@2ebc0358
17:08:02 15:58:27 DEBUG : batch acquisition of 0 triggers
17:08:02 15:58:51 DEBUG : batch acquisition of 1 triggers
17:08:02 15:59:00 DEBUG : Producing instance of Job 'group1.job1', class=com.ztgeo.utils.Quartz
17:08:02 15:59:00 DEBUG : batch acquisition of 0 triggers
17:08:02 15:59:00 DEBUG : Calling execute on job group1.job1
17:08:02 15:59:00  INFO : 数据库:oracle.jdbc.driver.T4CConnection@6e031aaf
17:08:02 15:59:27 DEBUG : batch acquisition of 0 triggers
17:08:02 15:59:55 DEBUG : batch acquisition of 1 triggers
17:08:02 16:00:00 DEBUG : Producing instance of Job 'group1.job1', class=com.ztgeo.utils.Quartz
17:08:02 16:00:00 DEBUG : batch acquisition of 0 triggers
17:08:02 16:00:00 DEBUG : Calling execute on job group1.job1
17:08:02 16:00:00  INFO : 数据库:oracle.jdbc.driver.T4CConnection@2004cb6f
17:08:02 16:00:24 DEBUG : batch acquisition of 0 triggers
17:08:02 16:00:51 DEBUG : batch acquisition of 1 triggers
17:08:02 16:01:00 DEBUG : Producing instance of Job 'group1.job1', class=com.ztgeo.utils.Quartz
17:08:02 16:01:00 DEBUG : batch acquisition of 0 triggers
17:08:02 16:01:00 DEBUG : Calling execute on job group1.job1
17:08:02 16:01:00  INFO : 数据库:oracle.jdbc.driver.T4CConnection@62c3356c
17:08:02 16:01:25 DEBUG : batch acquisition of 0 triggers
17:08:02 16:01:52 DEBUG : batch acquisition of 1 triggers
17:08:02 16:02:00 DEBUG : Producing instance of Job 'group1.job1', class=com.ztgeo.utils.Quartz
17:08:02 16:02:00 DEBUG : batch acquisition of 0 triggers
17:08:02 16:02:00 DEBUG : Calling execute on job group1.job1
17:08:02 16:02:00  INFO : 数据库:oracle.jdbc.driver.T4CConnection@2072fca6
17:08:02 16:02:25 DEBUG : batch acquisition of 0 triggers
17:08:02 16:02:53 DEBUG : batch acquisition of 1 triggers
17:08:02 16:03:00 DEBUG : Producing instance of Job 'group1.job1', class=com.ztgeo.utils.Quartz
17:08:02 16:03:00 DEBUG : batch acquisition of 0 triggers
17:08:02 16:03:00 DEBUG : Calling execute on job group1.job1
17:08:02 16:03:00  INFO : 数据库:oracle.jdbc.driver.T4CConnection@5e83e8ab
17:08:02 16:03:26 DEBUG : batch acquisition of 0 triggers
17:08:02 16:03:56 DEBUG : batch acquisition of 1 triggers
17:08:02 16:04:00 DEBUG : Producing instance of Job 'group1.job1', class=com.ztgeo.utils.Quartz
17:08:02 16:04:00 DEBUG : batch acquisition of 0 triggers
17:08:02 16:04:00 DEBUG : Calling execute on job group1.job1
17:08:02 16:04:00  INFO : 数据库:oracle.jdbc.driver.T4CConnection@52e7f6c7
17:08:02 16:04:27 DEBUG : batch acquisition of 0 triggers
17:08:02 16:04:51 DEBUG : batch acquisition of 1 triggers
17:08:02 16:05:00 DEBUG : Producing instance of Job 'group1.job1', class=com.ztgeo.utils.Quartz
17:08:02 16:05:00 DEBUG : batch acquisition of 0 triggers
17:08:02 16:05:00 DEBUG : Calling execute on job group1.job1
17:08:02 16:05:00  INFO : 数据库:oracle.jdbc.driver.T4CConnection@232c6507
17:08:02 16:05:24 DEBUG : batch acquisition of 0 triggers
17:08:02 16:05:47 DEBUG : batch acquisition of 1 triggers
17:08:02 16:06:00 DEBUG : Producing instance of Job 'group1.job1', class=com.ztgeo.utils.Quartz
17:08:02 16:06:00 DEBUG : batch acquisition of 0 triggers
17:08:02 16:06:00 DEBUG : Calling execute on job group1.job1
17:08:02 16:06:00  INFO : 数据库:oracle.jdbc.driver.T4CConnection@20c9ab9f
17:08:02 16:06:24 DEBUG : batch acquisition of 0 triggers
17:08:02 16:06:53 DEBUG : batch acquisition of 1 triggers
17:08:02 16:07:00 DEBUG : Producing instance of Job 'group1.job1', class=com.ztgeo.utils.Quartz
17:08:02 16:07:00 DEBUG : batch acquisition of 0 triggers
17:08:02 16:07:00 DEBUG : Calling execute on job group1.job1
17:08:02 16:07:00  INFO : 数据库:oracle.jdbc.driver.T4CConnection@76296af6
17:08:02 16:07:29 DEBUG : batch acquisition of 0 triggers
17:08:02 16:07:56 DEBUG : batch acquisition of 1 triggers
17:08:02 16:08:00 DEBUG : Producing instance of Job 'group1.job1', class=com.ztgeo.utils.Quartz
17:08:02 16:08:00 DEBUG : batch acquisition of 0 triggers
17:08:02 16:08:00 DEBUG : Calling execute on job group1.job1
17:08:02 16:08:00  INFO : 数据库:oracle.jdbc.driver.T4CConnection@2a838257
17:08:02 16:08:26 DEBUG : batch acquisition of 0 triggers
17:08:02 16:08:51 DEBUG : batch acquisition of 1 triggers
17:08:02 16:09:00 DEBUG : Producing instance of Job 'group1.job1', class=com.ztgeo.utils.Quartz
17:08:02 16:09:00 DEBUG : batch acquisition of 0 triggers
17:08:02 16:09:00 DEBUG : Calling execute on job group1.job1
17:08:02 16:09:00  INFO : 数据库:oracle.jdbc.driver.T4CConnection@281b083d
17:08:02 16:09:25 DEBUG : batch acquisition of 0 triggers
17:08:02 16:09:49 DEBUG : batch acquisition of 1 triggers
17:08:02 16:10:00 DEBUG : Producing instance of Job 'group1.job1', class=com.ztgeo.utils.Quartz
17:08:02 16:10:00 DEBUG : batch acquisition of 0 triggers
17:08:02 16:10:00 DEBUG : Calling execute on job group1.job1
17:08:02 16:10:00  INFO : 数据库:oracle.jdbc.driver.T4CConnection@34f8c3c4
17:08:02 16:10:23 DEBUG : batch acquisition of 0 triggers
17:08:02 16:10:48 DEBUG : batch acquisition of 1 triggers
17:08:02 16:11:00 DEBUG : Producing instance of Job 'group1.job1', class=com.ztgeo.utils.Quartz
17:08:02 16:11:00 DEBUG : batch acquisition of 0 triggers
17:08:02 16:11:00 DEBUG : Calling execute on job group1.job1
17:08:02 16:11:00  INFO : 数据库:oracle.jdbc.driver.T4CConnection@6fcba8db
17:08:02 16:11:24 DEBUG : batch acquisition of 0 triggers
17:08:02 16:11:54 DEBUG : batch acquisition of 1 triggers
17:08:02 16:12:00 DEBUG : Producing instance of Job 'group1.job1', class=com.ztgeo.utils.Quartz
17:08:02 16:12:00 DEBUG : batch acquisition of 0 triggers
17:08:02 16:12:00 DEBUG : Calling execute on job group1.job1
17:08:02 16:12:00  INFO : 数据库:oracle.jdbc.driver.T4CConnection@657066cc
17:08:02 16:12:26 DEBUG : batch acquisition of 0 triggers
17:08:02 16:12:52 DEBUG : batch acquisition of 1 triggers
17:08:02 16:13:00 DEBUG : Producing instance of Job 'group1.job1', class=com.ztgeo.utils.Quartz
17:08:02 16:13:00 DEBUG : batch acquisition of 0 triggers
17:08:02 16:13:00 DEBUG : Calling execute on job group1.job1
17:08:02 16:13:00  INFO : 数据库:oracle.jdbc.driver.T4CConnection@29ba56e7
17:08:02 16:13:25 DEBUG : batch acquisition of 0 triggers
17:08:02 16:13:48 DEBUG : batch acquisition of 1 triggers
17:08:02 16:14:00 DEBUG : Producing instance of Job 'group1.job1', class=com.ztgeo.utils.Quartz
17:08:02 16:14:00 DEBUG : batch acquisition of 0 triggers
17:08:02 16:14:00 DEBUG : Calling execute on job group1.job1
17:08:02 16:14:00  INFO : 数据库:oracle.jdbc.driver.T4CConnection@3f89bbfd
17:08:02 16:14:25 DEBUG : batch acquisition of 0 triggers
17:08:02 16:14:55 DEBUG : batch acquisition of 1 triggers
17:08:02 16:15:00 DEBUG : Producing instance of Job 'group1.job1', class=com.ztgeo.utils.Quartz
17:08:02 16:15:00 DEBUG : batch acquisition of 0 triggers
17:08:02 16:15:00 DEBUG : Calling execute on job group1.job1
17:08:02 16:15:00  INFO : 数据库:oracle.jdbc.driver.T4CConnection@662eef06
17:08:02 16:15:28 DEBUG : batch acquisition of 0 triggers
17:08:02 16:15:52 DEBUG : batch acquisition of 1 triggers
17:08:02 16:16:00 DEBUG : Producing instance of Job 'group1.job1', class=com.ztgeo.utils.Quartz
17:08:02 16:16:00 DEBUG : batch acquisition of 0 triggers
17:08:02 16:16:00 DEBUG : Calling execute on job group1.job1
17:08:02 16:16:00  INFO : 数据库:oracle.jdbc.driver.T4CConnection@65cb21e2
17:08:02 16:16:23 DEBUG : batch acquisition of 0 triggers
17:08:02 16:16:49 DEBUG : batch acquisition of 1 triggers
17:08:02 16:17:00 DEBUG : Producing instance of Job 'group1.job1', class=com.ztgeo.utils.Quartz
17:08:02 16:17:00 DEBUG : batch acquisition of 0 triggers
17:08:02 16:17:00 DEBUG : Calling execute on job group1.job1
17:08:02 16:17:00  INFO : 数据库:oracle.jdbc.driver.T4CConnection@332bea57
17:08:02 16:17:24 DEBUG : batch acquisition of 0 triggers
17:08:02 16:17:50 DEBUG : batch acquisition of 1 triggers
17:08:02 16:18:00 DEBUG : Producing instance of Job 'group1.job1', class=com.ztgeo.utils.Quartz
17:08:02 16:18:00 DEBUG : batch acquisition of 0 triggers
17:08:02 16:18:00 DEBUG : Calling execute on job group1.job1
17:08:02 16:18:00  INFO : 数据库:oracle.jdbc.driver.T4CConnection@6f810963
17:08:02 16:18:23 DEBUG : batch acquisition of 0 triggers
17:08:02 16:18:51 DEBUG : batch acquisition of 1 triggers
17:08:02 16:19:00 DEBUG : Producing instance of Job 'group1.job1', class=com.ztgeo.utils.Quartz
17:08:02 16:19:00 DEBUG : batch acquisition of 0 triggers
17:08:02 16:19:00 DEBUG : Calling execute on job group1.job1
17:08:02 16:19:00  INFO : 数据库:oracle.jdbc.driver.T4CConnection@a84c7b6
17:08:02 16:19:27 DEBUG : batch acquisition of 0 triggers
17:08:02 16:19:57 DEBUG : batch acquisition of 1 triggers
17:08:02 16:20:00 DEBUG : Producing instance of Job 'group1.job1', class=com.ztgeo.utils.Quartz
17:08:02 16:20:00 DEBUG : batch acquisition of 0 triggers
17:08:02 16:20:00 DEBUG : Calling execute on job group1.job1
17:08:02 16:20:00  INFO : 数据库:oracle.jdbc.driver.T4CConnection@58a1507d
17:08:02 16:20:26 DEBUG : batch acquisition of 0 triggers
17:08:02 16:20:50 DEBUG : batch acquisition of 1 triggers
17:08:02 16:21:00 DEBUG : Producing instance of Job 'group1.job1', class=com.ztgeo.utils.Quartz
17:08:02 16:21:00 DEBUG : Calling execute on job group1.job1
17:08:02 16:21:00 DEBUG : batch acquisition of 0 triggers
17:08:02 16:21:00  INFO : 数据库:oracle.jdbc.driver.T4CConnection@1abd95ce
17:08:02 16:21:24 DEBUG : batch acquisition of 0 triggers
17:08:02 16:21:54 DEBUG : batch acquisition of 1 triggers
17:08:02 16:22:00 DEBUG : Producing instance of Job 'group1.job1', class=com.ztgeo.utils.Quartz
17:08:02 16:22:00 DEBUG : batch acquisition of 0 triggers
17:08:02 16:22:00 DEBUG : Calling execute on job group1.job1
17:08:02 16:22:00  INFO : 数据库:oracle.jdbc.driver.T4CConnection@1b3a6993
17:08:02 16:22:23 DEBUG : batch acquisition of 0 triggers
17:08:02 16:22:46 DEBUG : batch acquisition of 1 triggers
17:08:02 16:23:00 DEBUG : Producing instance of Job 'group1.job1', class=com.ztgeo.utils.Quartz
17:08:02 16:23:00 DEBUG : batch acquisition of 0 triggers
17:08:02 16:23:00 DEBUG : Calling execute on job group1.job1
17:08:02 16:23:00  INFO : 数据库:oracle.jdbc.driver.T4CConnection@26bb29b1
17:08:02 16:23:29 DEBUG : batch acquisition of 0 triggers
17:08:02 16:23:58 DEBUG : batch acquisition of 1 triggers
17:08:02 16:24:00 DEBUG : Producing instance of Job 'group1.job1', class=com.ztgeo.utils.Quartz
17:08:02 16:24:00 DEBUG : Calling execute on job group1.job1
17:08:02 16:24:00 DEBUG : batch acquisition of 0 triggers
17:08:02 16:24:00  INFO : 数据库:oracle.jdbc.driver.T4CConnection@504a969c
17:08:02 16:24:29 DEBUG : batch acquisition of 0 triggers
17:08:02 16:24:54 DEBUG : batch acquisition of 1 triggers
17:08:02 16:25:00 DEBUG : Producing instance of Job 'group1.job1', class=com.ztgeo.utils.Quartz
17:08:02 16:25:00 DEBUG : batch acquisition of 0 triggers
17:08:02 16:25:00 DEBUG : Calling execute on job group1.job1
17:08:02 16:25:00  INFO : 数据库:oracle.jdbc.driver.T4CConnection@6f80f202
17:08:02 16:25:29 DEBUG : batch acquisition of 0 triggers
17:08:02 16:25:54 DEBUG : batch acquisition of 1 triggers
17:08:02 16:26:00 DEBUG : Producing instance of Job 'group1.job1', class=com.ztgeo.utils.Quartz
17:08:02 16:26:00 DEBUG : batch acquisition of 0 triggers
17:08:02 16:26:00 DEBUG : Calling execute on job group1.job1
17:08:02 16:26:00  INFO : 数据库:oracle.jdbc.driver.T4CConnection@41d9a30c
17:08:02 16:26:23 DEBUG : batch acquisition of 0 triggers
17:08:02 16:26:47 DEBUG : batch acquisition of 1 triggers
17:08:02 16:27:00 DEBUG : Producing instance of Job 'group1.job1', class=com.ztgeo.utils.Quartz
17:08:02 16:27:00 DEBUG : batch acquisition of 0 triggers
17:08:02 16:27:00 DEBUG : Calling execute on job group1.job1
17:08:02 16:27:00  INFO : 数据库:oracle.jdbc.driver.T4CConnection@47820085
17:08:02 16:27:27 DEBUG : batch acquisition of 0 triggers
17:08:02 16:27:54 DEBUG : batch acquisition of 1 triggers
17:08:02 16:28:00 DEBUG : Producing instance of Job 'group1.job1', class=com.ztgeo.utils.Quartz
17:08:02 16:28:00 DEBUG : batch acquisition of 0 triggers
17:08:02 16:28:00 DEBUG : Calling execute on job group1.job1
17:08:02 16:28:00  INFO : 数据库:oracle.jdbc.driver.T4CConnection@10cce765
17:08:02 16:28:26 DEBUG : batch acquisition of 0 triggers
17:08:02 16:28:52 DEBUG : batch acquisition of 1 triggers
17:08:02 16:29:00 DEBUG : Producing instance of Job 'group1.job1', class=com.ztgeo.utils.Quartz
17:08:02 16:29:00 DEBUG : Calling execute on job group1.job1
17:08:02 16:29:00 DEBUG : batch acquisition of 0 triggers
17:08:02 16:29:00  INFO : 数据库:oracle.jdbc.driver.T4CConnection@790f1630
17:08:02 16:29:23 DEBUG : batch acquisition of 0 triggers
17:08:02 16:29:51 DEBUG : batch acquisition of 1 triggers
17:08:02 16:30:00 DEBUG : Producing instance of Job 'group1.job1', class=com.ztgeo.utils.Quartz
17:08:02 16:30:00 DEBUG : batch acquisition of 0 triggers
17:08:02 16:30:00 DEBUG : Calling execute on job group1.job1
17:08:02 16:30:00  INFO : 数据库:oracle.jdbc.driver.T4CConnection@6598f92b
17:08:02 16:30:23 DEBUG : batch acquisition of 0 triggers
17:08:02 16:30:50 DEBUG : batch acquisition of 1 triggers
17:08:02 16:31:00 DEBUG : Producing instance of Job 'group1.job1', class=com.ztgeo.utils.Quartz
17:08:02 16:31:00 DEBUG : batch acquisition of 0 triggers
17:08:02 16:31:00 DEBUG : Calling execute on job group1.job1
17:08:02 16:31:00  INFO : 数据库:oracle.jdbc.driver.T4CConnection@3e70a99f
17:08:02 16:31:23 DEBUG : batch acquisition of 0 triggers
17:08:02 16:31:46 DEBUG : batch acquisition of 1 triggers
17:08:02 16:32:00 DEBUG : Producing instance of Job 'group1.job1', class=com.ztgeo.utils.Quartz
17:08:02 16:32:00 DEBUG : Calling execute on job group1.job1
17:08:02 16:32:00 DEBUG : batch acquisition of 0 triggers
17:08:02 16:32:00  INFO : 数据库:oracle.jdbc.driver.T4CConnection@54df84d7
17:08:02 16:32:24 DEBUG : batch acquisition of 0 triggers
17:08:02 16:32:47 DEBUG : batch acquisition of 1 triggers
17:08:02 16:33:00 DEBUG : Producing instance of Job 'group1.job1', class=com.ztgeo.utils.Quartz
17:08:02 16:33:00 DEBUG : batch acquisition of 0 triggers
17:08:02 16:33:00 DEBUG : Calling execute on job group1.job1
17:08:02 16:33:00  INFO : 数据库:oracle.jdbc.driver.T4CConnection@78473613
17:08:02 16:33:23 DEBUG : batch acquisition of 0 triggers
17:08:02 16:33:51 DEBUG : batch acquisition of 1 triggers
17:08:02 16:34:00 DEBUG : Producing instance of Job 'group1.job1', class=com.ztgeo.utils.Quartz
17:08:02 16:34:00 DEBUG : batch acquisition of 0 triggers
17:08:02 16:34:00 DEBUG : Calling execute on job group1.job1
17:08:02 16:34:00  INFO : 数据库:oracle.jdbc.driver.T4CConnection@245f67d5
17:08:02 16:34:23 DEBUG : batch acquisition of 0 triggers
17:08:02 16:34:49 DEBUG : batch acquisition of 1 triggers
17:08:02 16:35:00 DEBUG : Producing instance of Job 'group1.job1', class=com.ztgeo.utils.Quartz
17:08:02 16:35:00 DEBUG : Calling execute on job group1.job1
17:08:02 16:35:00 DEBUG : batch acquisition of 0 triggers
17:08:02 16:35:00  INFO : 数据库:oracle.jdbc.driver.T4CConnection@5702c8c2
17:08:02 16:35:27 DEBUG : batch acquisition of 0 triggers
17:08:02 16:35:51 DEBUG : batch acquisition of 1 triggers
17:08:02 16:36:00 DEBUG : Producing instance of Job 'group1.job1', class=com.ztgeo.utils.Quartz
17:08:02 16:36:00 DEBUG : batch acquisition of 0 triggers
17:08:02 16:36:00 DEBUG : Calling execute on job group1.job1
17:08:02 16:36:00  INFO : 数据库:oracle.jdbc.driver.T4CConnection@54e4e00d
17:08:02 16:36:29 DEBUG : batch acquisition of 0 triggers
17:08:02 16:36:52 DEBUG : batch acquisition of 1 triggers
17:08:02 16:37:00 DEBUG : Producing instance of Job 'group1.job1', class=com.ztgeo.utils.Quartz
17:08:02 16:37:00 DEBUG : batch acquisition of 0 triggers
17:08:02 16:37:00 DEBUG : Calling execute on job group1.job1
17:08:02 16:37:00  INFO : 数据库:oracle.jdbc.driver.T4CConnection@2529d99
17:08:02 16:37:23 DEBUG : batch acquisition of 0 triggers
17:08:02 16:37:48 DEBUG : batch acquisition of 1 triggers
17:08:02 16:38:00 DEBUG : Producing instance of Job 'group1.job1', class=com.ztgeo.utils.Quartz
17:08:02 16:38:00 DEBUG : batch acquisition of 0 triggers
17:08:02 16:38:00 DEBUG : Calling execute on job group1.job1
17:08:02 16:38:00  INFO : 数据库:oracle.jdbc.driver.T4CConnection@5ea480e7
17:08:02 16:38:29 DEBUG : batch acquisition of 0 triggers
17:08:02 16:38:53 DEBUG : batch acquisition of 1 triggers
17:08:02 16:39:00 DEBUG : Producing instance of Job 'group1.job1', class=com.ztgeo.utils.Quartz
17:08:02 16:39:00 DEBUG : batch acquisition of 0 triggers
17:08:02 16:39:00 DEBUG : Calling execute on job group1.job1
17:08:02 16:39:00  INFO : 数据库:oracle.jdbc.driver.T4CConnection@f2fbddc
17:08:02 16:39:24 DEBUG : batch acquisition of 0 triggers
17:08:02 16:39:52 DEBUG : batch acquisition of 1 triggers
17:08:02 16:40:00 DEBUG : Producing instance of Job 'group1.job1', class=com.ztgeo.utils.Quartz
17:08:02 16:40:00 DEBUG : batch acquisition of 0 triggers
17:08:02 16:40:00 DEBUG : Calling execute on job group1.job1
17:08:02 16:40:00  INFO : 数据库:oracle.jdbc.driver.T4CConnection@63410944
17:08:02 16:40:27 DEBUG : batch acquisition of 0 triggers
17:08:02 16:40:56 DEBUG : batch acquisition of 1 triggers
17:08:02 16:41:00 DEBUG : Producing instance of Job 'group1.job1', class=com.ztgeo.utils.Quartz
17:08:02 16:41:00 DEBUG : batch acquisition of 0 triggers
17:08:02 16:41:00 DEBUG : Calling execute on job group1.job1
17:08:02 16:41:00  INFO : 数据库:oracle.jdbc.driver.T4CConnection@45e39368
17:08:02 16:41:26 DEBUG : batch acquisition of 0 triggers
17:08:02 16:41:51 DEBUG : batch acquisition of 1 triggers
17:08:02 16:42:00 DEBUG : Producing instance of Job 'group1.job1', class=com.ztgeo.utils.Quartz
17:08:02 16:42:00 DEBUG : batch acquisition of 0 triggers
17:08:02 16:42:00 DEBUG : Calling execute on job group1.job1
17:08:02 16:42:00  INFO : 数据库:oracle.jdbc.driver.T4CConnection@637fd526
17:08:02 16:42:25 DEBUG : batch acquisition of 0 triggers
17:08:02 16:42:50 DEBUG : batch acquisition of 1 triggers
17:08:02 16:43:00 DEBUG : Producing instance of Job 'group1.job1', class=com.ztgeo.utils.Quartz
17:08:02 16:43:00 DEBUG : batch acquisition of 0 triggers
17:08:02 16:43:00 DEBUG : Calling execute on job group1.job1
17:08:02 16:43:00  INFO : 数据库:oracle.jdbc.driver.T4CConnection@39c04f00
17:08:02 16:43:24 DEBUG : batch acquisition of 0 triggers
17:08:02 16:43:53 DEBUG : batch acquisition of 1 triggers
17:08:02 16:44:00 DEBUG : Producing instance of Job 'group1.job1', class=com.ztgeo.utils.Quartz
17:08:02 16:44:00 DEBUG : batch acquisition of 0 triggers
17:08:02 16:44:00 DEBUG : Calling execute on job group1.job1
17:08:02 16:44:00  INFO : 数据库:oracle.jdbc.driver.T4CConnection@49e3fc57
17:08:02 16:44:24 DEBUG : batch acquisition of 0 triggers
17:08:02 16:44:54 DEBUG : batch acquisition of 1 triggers
17:08:02 16:45:00 DEBUG : Producing instance of Job 'group1.job1', class=com.ztgeo.utils.Quartz
17:08:02 16:45:00 DEBUG : batch acquisition of 0 triggers
17:08:02 16:45:00 DEBUG : Calling execute on job group1.job1
17:08:02 16:45:00  INFO : 数据库:oracle.jdbc.driver.T4CConnection@17468b78
17:08:02 16:45:27 DEBUG : batch acquisition of 0 triggers
17:08:02 16:45:50 DEBUG : batch acquisition of 1 triggers
17:08:02 16:46:00 DEBUG : Producing instance of Job 'group1.job1', class=com.ztgeo.utils.Quartz
17:08:02 16:46:00 DEBUG : batch acquisition of 0 triggers
17:08:02 16:46:00 DEBUG : Calling execute on job group1.job1
17:08:02 16:46:00  INFO : 数据库:oracle.jdbc.driver.T4CConnection@391c3c5d
17:08:02 16:46:23 DEBUG : batch acquisition of 0 triggers
17:08:02 16:46:47 DEBUG : batch acquisition of 1 triggers
17:08:02 16:47:00 DEBUG : Producing instance of Job 'group1.job1', class=com.ztgeo.utils.Quartz
17:08:02 16:47:00 DEBUG : batch acquisition of 0 triggers
17:08:02 16:47:00 DEBUG : Calling execute on job group1.job1
17:08:02 16:47:00  INFO : 数据库:oracle.jdbc.driver.T4CConnection@3f1129ff
17:08:02 16:47:25 DEBUG : batch acquisition of 0 triggers
17:08:02 16:47:51 DEBUG : batch acquisition of 1 triggers
17:08:02 16:48:00 DEBUG : Producing instance of Job 'group1.job1', class=com.ztgeo.utils.Quartz
17:08:02 16:48:00 DEBUG : batch acquisition of 0 triggers
17:08:02 16:48:00 DEBUG : Calling execute on job group1.job1
17:08:02 16:48:00  INFO : 数据库:oracle.jdbc.driver.T4CConnection@6803305e
17:08:02 16:48:28 DEBUG : batch acquisition of 0 triggers
17:08:02 16:48:52 DEBUG : batch acquisition of 1 triggers
17:08:02 16:49:00 DEBUG : Producing instance of Job 'group1.job1', class=com.ztgeo.utils.Quartz
17:08:02 16:49:00 DEBUG : batch acquisition of 0 triggers
17:08:02 16:49:00 DEBUG : Calling execute on job group1.job1
17:08:02 16:49:00  INFO : 数据库:oracle.jdbc.driver.T4CConnection@7f0506e4
17:08:02 16:49:28 DEBUG : batch acquisition of 0 triggers
17:08:02 16:49:54 DEBUG : batch acquisition of 1 triggers
17:08:02 16:50:00 DEBUG : Producing instance of Job 'group1.job1', class=com.ztgeo.utils.Quartz
17:08:02 16:50:00 DEBUG : batch acquisition of 0 triggers
17:08:02 16:50:00 DEBUG : Calling execute on job group1.job1
17:08:02 16:50:00  INFO : 数据库:oracle.jdbc.driver.T4CConnection@11d5000b
17:08:02 16:50:26 DEBUG : batch acquisition of 0 triggers
17:08:02 16:50:55 DEBUG : batch acquisition of 1 triggers
17:08:02 16:51:00 DEBUG : Producing instance of Job 'group1.job1', class=com.ztgeo.utils.Quartz
17:08:02 16:51:00 DEBUG : batch acquisition of 0 triggers
17:08:02 16:51:00 DEBUG : Calling execute on job group1.job1
17:08:02 16:51:00  INFO : 数据库:oracle.jdbc.driver.T4CConnection@775c767f
17:08:02 16:51:28 DEBUG : batch acquisition of 0 triggers
17:08:02 16:51:56 DEBUG : batch acquisition of 1 triggers
17:08:02 16:52:00 DEBUG : Producing instance of Job 'group1.job1', class=com.ztgeo.utils.Quartz
17:08:02 16:52:00 DEBUG : batch acquisition of 0 triggers
17:08:02 16:52:00 DEBUG : Calling execute on job group1.job1
17:08:02 16:52:00  INFO : 数据库:oracle.jdbc.driver.T4CConnection@55f9983
17:08:02 16:52:27 DEBUG : batch acquisition of 0 triggers
17:08:02 16:52:53 DEBUG : batch acquisition of 1 triggers
17:08:02 16:53:00 DEBUG : Producing instance of Job 'group1.job1', class=com.ztgeo.utils.Quartz
17:08:02 16:53:00 DEBUG : Calling execute on job group1.job1
17:08:02 16:53:00 DEBUG : batch acquisition of 0 triggers
17:08:02 16:53:00  INFO : 数据库:oracle.jdbc.driver.T4CConnection@42362bb1
17:08:02 16:53:25 DEBUG : batch acquisition of 0 triggers
17:08:02 16:53:50 DEBUG : batch acquisition of 1 triggers
17:08:02 16:54:00 DEBUG : Producing instance of Job 'group1.job1', class=com.ztgeo.utils.Quartz
17:08:02 16:54:00 DEBUG : batch acquisition of 0 triggers
17:08:02 16:54:00 DEBUG : Calling execute on job group1.job1
17:08:02 16:54:00  INFO : 数据库:oracle.jdbc.driver.T4CConnection@3bc7e0c5
17:08:02 16:54:23 DEBUG : batch acquisition of 0 triggers
17:08:02 16:54:49 DEBUG : batch acquisition of 1 triggers
17:08:02 16:55:00 DEBUG : Producing instance of Job 'group1.job1', class=com.ztgeo.utils.Quartz
17:08:02 16:55:00 DEBUG : batch acquisition of 0 triggers
17:08:02 16:55:00 DEBUG : Calling execute on job group1.job1
17:08:02 16:55:00  INFO : 数据库:oracle.jdbc.driver.T4CConnection@6011049
17:08:02 16:55:23 DEBUG : batch acquisition of 0 triggers
17:08:02 16:55:51 DEBUG : batch acquisition of 1 triggers
17:08:02 16:56:00 DEBUG : Producing instance of Job 'group1.job1', class=com.ztgeo.utils.Quartz
17:08:02 16:56:00 DEBUG : batch acquisition of 0 triggers
17:08:02 16:56:00 DEBUG : Calling execute on job group1.job1
17:08:02 16:56:00  INFO : 数据库:oracle.jdbc.driver.T4CConnection@5e4dead
17:08:02 16:56:25 DEBUG : batch acquisition of 0 triggers
17:08:02 16:56:50 DEBUG : batch acquisition of 1 triggers
17:08:02 16:57:00 DEBUG : Producing instance of Job 'group1.job1', class=com.ztgeo.utils.Quartz
17:08:02 16:57:00 DEBUG : batch acquisition of 0 triggers
17:08:02 16:57:00 DEBUG : Calling execute on job group1.job1
17:08:02 16:57:00  INFO : 数据库:oracle.jdbc.driver.T4CConnection@53041518
17:08:02 16:57:26 DEBUG : batch acquisition of 0 triggers
17:08:02 16:57:55 DEBUG : batch acquisition of 1 triggers
17:08:02 16:58:00 DEBUG : Producing instance of Job 'group1.job1', class=com.ztgeo.utils.Quartz
17:08:02 16:58:00 DEBUG : batch acquisition of 0 triggers
17:08:02 16:58:00 DEBUG : Calling execute on job group1.job1
17:08:02 16:58:00  INFO : 数据库:oracle.jdbc.driver.T4CConnection@faef62c
17:08:02 16:58:24 DEBUG : batch acquisition of 0 triggers
17:08:02 16:58:53 DEBUG : batch acquisition of 1 triggers
17:08:02 16:59:00 DEBUG : Producing instance of Job 'group1.job1', class=com.ztgeo.utils.Quartz
17:08:02 16:59:00 DEBUG : batch acquisition of 0 triggers
17:08:02 16:59:00 DEBUG : Calling execute on job group1.job1
17:08:02 16:59:00  INFO : 数据库:oracle.jdbc.driver.T4CConnection@5310c7c5
17:08:02 16:59:28 DEBUG : batch acquisition of 0 triggers
17:08:02 16:59:54 DEBUG : batch acquisition of 1 triggers
17:08:02 17:00:00 DEBUG : Producing instance of Job 'group1.job1', class=com.ztgeo.utils.Quartz
17:08:02 17:00:00 DEBUG : batch acquisition of 0 triggers
17:08:02 17:00:00 DEBUG : Calling execute on job group1.job1
17:08:02 17:00:00  INFO : 数据库:oracle.jdbc.driver.T4CConnection@43a598f4
17:08:02 17:00:26 DEBUG : batch acquisition of 0 triggers
17:08:02 17:00:52 DEBUG : batch acquisition of 1 triggers
17:08:02 17:01:00 DEBUG : Producing instance of Job 'group1.job1', class=com.ztgeo.utils.Quartz
17:08:02 17:01:00 DEBUG : batch acquisition of 0 triggers
17:08:02 17:01:00 DEBUG : Calling execute on job group1.job1
17:08:02 17:01:00  INFO : 数据库:oracle.jdbc.driver.T4CConnection@1b99ebf
17:08:02 17:01:28 DEBUG : batch acquisition of 0 triggers
17:08:02 17:01:56 DEBUG : batch acquisition of 1 triggers
17:08:02 17:02:00 DEBUG : Producing instance of Job 'group1.job1', class=com.ztgeo.utils.Quartz
17:08:02 17:02:00 DEBUG : batch acquisition of 0 triggers
17:08:02 17:02:00 DEBUG : Calling execute on job group1.job1
17:08:02 17:02:00  INFO : 数据库:oracle.jdbc.driver.T4CConnection@4d611e4a
17:08:02 17:02:27 DEBUG : batch acquisition of 0 triggers
17:08:02 17:02:53 DEBUG : batch acquisition of 1 triggers
17:08:02 17:03:00 DEBUG : Producing instance of Job 'group1.job1', class=com.ztgeo.utils.Quartz
17:08:02 17:03:00 DEBUG : batch acquisition of 0 triggers
17:08:02 17:03:00 DEBUG : Calling execute on job group1.job1
17:08:02 17:03:00  INFO : 数据库:oracle.jdbc.driver.T4CConnection@3dbf64e7
17:08:02 17:03:26 DEBUG : batch acquisition of 0 triggers
17:08:02 17:03:52 DEBUG : batch acquisition of 1 triggers
17:08:02 17:04:00 DEBUG : Producing instance of Job 'group1.job1', class=com.ztgeo.utils.Quartz
17:08:02 17:04:00 DEBUG : Calling execute on job group1.job1
17:08:02 17:04:00 DEBUG : batch acquisition of 0 triggers
17:08:02 17:04:00  INFO : 数据库:oracle.jdbc.driver.T4CConnection@3fbd7f57
17:08:02 17:04:28 DEBUG : batch acquisition of 0 triggers
17:08:02 17:04:52 DEBUG : batch acquisition of 1 triggers
17:08:02 17:05:00 DEBUG : Producing instance of Job 'group1.job1', class=com.ztgeo.utils.Quartz
17:08:02 17:05:00 DEBUG : batch acquisition of 0 triggers
17:08:02 17:05:00 DEBUG : Calling execute on job group1.job1
17:08:02 17:05:00  INFO : 数据库:oracle.jdbc.driver.T4CConnection@6e79f269
17:08:02 17:05:23 DEBUG : batch acquisition of 0 triggers
17:08:02 17:05:50 DEBUG : batch acquisition of 1 triggers
17:08:02 17:06:00 DEBUG : Producing instance of Job 'group1.job1', class=com.ztgeo.utils.Quartz
17:08:02 17:06:00 DEBUG : batch acquisition of 0 triggers
17:08:02 17:06:00 DEBUG : Calling execute on job group1.job1
17:08:02 17:06:00  INFO : 数据库:oracle.jdbc.driver.T4CConnection@9a9ccde
17:08:02 17:06:25 DEBUG : batch acquisition of 0 triggers
17:08:02 17:06:50 DEBUG : batch acquisition of 1 triggers
17:08:02 17:07:00 DEBUG : Producing instance of Job 'group1.job1', class=com.ztgeo.utils.Quartz
17:08:02 17:07:00 DEBUG : batch acquisition of 0 triggers
17:08:02 17:07:00 DEBUG : Calling execute on job group1.job1
17:08:02 17:07:00  INFO : 数据库:oracle.jdbc.driver.T4CConnection@4d5a1d5
17:08:02 17:07:29 DEBUG : batch acquisition of 0 triggers
17:08:02 17:07:52 DEBUG : batch acquisition of 1 triggers
17:08:02 17:08:00 DEBUG : Producing instance of Job 'group1.job1', class=com.ztgeo.utils.Quartz
17:08:02 17:08:00 DEBUG : batch acquisition of 0 triggers
17:08:02 17:08:00 DEBUG : Calling execute on job group1.job1
17:08:02 17:08:00  INFO : 数据库:oracle.jdbc.driver.T4CConnection@782edf73
17:08:02 17:08:26 DEBUG : batch acquisition of 0 triggers
17:08:02 17:08:55 DEBUG : batch acquisition of 1 triggers
17:08:02 17:09:00 DEBUG : Producing instance of Job 'group1.job1', class=com.ztgeo.utils.Quartz
17:08:02 17:09:00 DEBUG : batch acquisition of 0 triggers
17:08:02 17:09:00 DEBUG : Calling execute on job group1.job1
17:08:02 17:09:00  INFO : 数据库:oracle.jdbc.driver.T4CConnection@522ff501
17:08:02 17:09:27 DEBUG : batch acquisition of 0 triggers
17:08:02 17:09:50 DEBUG : batch acquisition of 1 triggers
17:08:02 17:10:00 DEBUG : Producing instance of Job 'group1.job1', class=com.ztgeo.utils.Quartz
17:08:02 17:10:00 DEBUG : batch acquisition of 0 triggers
17:08:02 17:10:00 DEBUG : Calling execute on job group1.job1
17:08:02 17:10:00  INFO : 数据库:oracle.jdbc.driver.T4CConnection@61d6600a
17:08:02 17:10:28 DEBUG : batch acquisition of 0 triggers
17:08:02 17:10:55 DEBUG : batch acquisition of 1 triggers
17:08:02 17:11:00 DEBUG : Producing instance of Job 'group1.job1', class=com.ztgeo.utils.Quartz
17:08:02 17:11:00 DEBUG : batch acquisition of 0 triggers
17:08:02 17:11:00 DEBUG : Calling execute on job group1.job1
17:08:02 17:11:00  INFO : 数据库:oracle.jdbc.driver.T4CConnection@3a3ef346
17:08:02 17:11:25 DEBUG : batch acquisition of 0 triggers
17:08:02 17:11:50 DEBUG : batch acquisition of 1 triggers
17:08:02 17:12:00 DEBUG : Producing instance of Job 'group1.job1', class=com.ztgeo.utils.Quartz
17:08:02 17:12:00 DEBUG : batch acquisition of 0 triggers
17:08:02 17:12:00 DEBUG : Calling execute on job group1.job1
17:08:02 17:12:00  INFO : 数据库:oracle.jdbc.driver.T4CConnection@6530d20d
17:08:02 17:12:23 DEBUG : batch acquisition of 0 triggers
17:08:02 17:12:52 DEBUG : batch acquisition of 1 triggers
17:08:02 17:13:00 DEBUG : Producing instance of Job 'group1.job1', class=com.ztgeo.utils.Quartz
17:08:02 17:13:00 DEBUG : batch acquisition of 0 triggers
17:08:02 17:13:00 DEBUG : Calling execute on job group1.job1
17:08:02 17:13:00  INFO : 数据库:oracle.jdbc.driver.T4CConnection@7c092aed
17:08:02 17:13:28 DEBUG : batch acquisition of 0 triggers
17:08:02 17:13:52 DEBUG : batch acquisition of 1 triggers
17:08:02 17:14:00 DEBUG : Producing instance of Job 'group1.job1', class=com.ztgeo.utils.Quartz
17:08:02 17:14:00 DEBUG : batch acquisition of 0 triggers
17:08:02 17:14:00 DEBUG : Calling execute on job group1.job1
17:08:02 17:14:00  INFO : 数据库:oracle.jdbc.driver.T4CConnection@6003d6ba
17:08:02 17:14:28 DEBUG : batch acquisition of 0 triggers
17:08:02 17:14:53 DEBUG : batch acquisition of 1 triggers
17:08:02 17:15:00 DEBUG : Producing instance of Job 'group1.job1', class=com.ztgeo.utils.Quartz
17:08:02 17:15:00 DEBUG : batch acquisition of 0 triggers
17:08:02 17:15:00 DEBUG : Calling execute on job group1.job1
17:08:02 17:15:00  INFO : 数据库:oracle.jdbc.driver.T4CConnection@2ffc73bc
17:08:02 17:15:24 DEBUG : batch acquisition of 0 triggers
17:08:02 17:15:54 DEBUG : batch acquisition of 1 triggers
17:08:02 17:16:00 DEBUG : Producing instance of Job 'group1.job1', class=com.ztgeo.utils.Quartz
17:08:02 17:16:00 DEBUG : batch acquisition of 0 triggers
17:08:02 17:16:00 DEBUG : Calling execute on job group1.job1
17:08:02 17:16:00  INFO : 数据库:oracle.jdbc.driver.T4CConnection@7abea16e
17:08:02 17:16:26 DEBUG : batch acquisition of 0 triggers
17:08:02 17:16:51 DEBUG : batch acquisition of 1 triggers
